{"/Users/baileynepe/000-self-projects/dreams-built/backend/app.js": {"path":"/Users/baileynepe/000-self-projects/dreams-built/backend/app.js","statementMap":{"0":{"start":{"line":1,"column":16},"end":{"line":1,"column":34}},"1":{"start":{"line":2,"column":13},"end":{"line":2,"column":28}},"2":{"start":{"line":3,"column":15},"end":{"line":3,"column":32}},"3":{"start":{"line":4,"column":15},"end":{"line":4,"column":32}},"4":{"start":{"line":7,"column":24},"end":{"line":7,"column":60}},"5":{"start":{"line":9,"column":25},"end":{"line":9,"column":67}},"6":{"start":{"line":11,"column":0},"end":{"line":11,"column":16}},"7":{"start":{"line":13,"column":12},"end":{"line":13,"column":21}},"8":{"start":{"line":14,"column":0},"end":{"line":14,"column":16}},"9":{"start":{"line":15,"column":0},"end":{"line":15,"column":24}},"10":{"start":{"line":17,"column":0},"end":{"line":19,"column":1}},"11":{"start":{"line":18,"column":2},"end":{"line":18,"column":25}},"12":{"start":{"line":22,"column":0},"end":{"line":22,"column":44}},"13":{"start":{"line":24,"column":0},"end":{"line":26,"column":3}},"14":{"start":{"line":25,"column":2},"end":{"line":25,"column":29}},"15":{"start":{"line":28,"column":0},"end":{"line":28,"column":22}},"16":{"start":{"line":30,"column":0},"end":{"line":30,"column":21}}},"fnMap":{"0":{"name":"(anonymous_0)","decl":{"start":{"line":24,"column":13},"end":{"line":24,"column":14}},"loc":{"start":{"line":24,"column":27},"end":{"line":26,"column":1}},"line":24}},"branchMap":{"0":{"loc":{"start":{"line":17,"column":0},"end":{"line":19,"column":1}},"type":"if","locations":[{"start":{"line":17,"column":0},"end":{"line":19,"column":1}},{"start":{"line":17,"column":0},"end":{"line":19,"column":1}}],"line":17}},"s":{"0":1,"1":1,"2":1,"3":1,"4":1,"5":1,"6":1,"7":1,"8":1,"9":1,"10":1,"11":0,"12":1,"13":1,"14":0,"15":1,"16":1},"f":{"0":0},"b":{"0":[0,1]},"_coverageSchema":"1a1c01bbd47fc00a2c39e90264f33305004495a9","hash":"f5d7eeeaca244195aadafb1210a4f2b3629e955c"}
,"/Users/baileynepe/000-self-projects/dreams-built/backend/config/database.js": {"path":"/Users/baileynepe/000-self-projects/dreams-built/backend/config/database.js","statementMap":{"0":{"start":{"line":1,"column":17},"end":{"line":1,"column":36}},"1":{"start":{"line":2,"column":19},"end":{"line":2,"column":50}},"2":{"start":{"line":3,"column":18},"end":{"line":3,"column":78}},"3":{"start":{"line":4,"column":15},"end":{"line":4,"column":41}},"4":{"start":{"line":7,"column":0},"end":{"line":14,"column":3}},"5":{"start":{"line":8,"column":2},"end":{"line":12,"column":3}},"6":{"start":{"line":9,"column":4},"end":{"line":9,"column":21}},"7":{"start":{"line":10,"column":4},"end":{"line":10,"column":31}},"8":{"start":{"line":11,"column":4},"end":{"line":11,"column":11}},"9":{"start":{"line":13,"column":2},"end":{"line":13,"column":19}},"10":{"start":{"line":16,"column":0},"end":{"line":18,"column":3}},"11":{"start":{"line":17,"column":2},"end":{"line":17,"column":64}},"12":{"start":{"line":20,"column":16},"end":{"line":30,"column":1}},"13":{"start":{"line":22,"column":2},"end":{"line":24,"column":3}},"14":{"start":{"line":23,"column":4},"end":{"line":23,"column":23}},"15":{"start":{"line":27,"column":2},"end":{"line":27,"column":37}},"16":{"start":{"line":28,"column":2},"end":{"line":28,"column":49}},"17":{"start":{"line":29,"column":2},"end":{"line":29,"column":21}},"18":{"start":{"line":32,"column":19},"end":{"line":34,"column":1}},"19":{"start":{"line":33,"column":2},"end":{"line":33,"column":30}},"20":{"start":{"line":36,"column":0},"end":{"line":36,"column":41}}},"fnMap":{"0":{"name":"(anonymous_0)","decl":{"start":{"line":7,"column":32},"end":{"line":7,"column":33}},"loc":{"start":{"line":7,"column":39},"end":{"line":14,"column":1}},"line":7},"1":{"name":"(anonymous_1)","decl":{"start":{"line":16,"column":33},"end":{"line":16,"column":34}},"loc":{"start":{"line":16,"column":40},"end":{"line":18,"column":1}},"line":16},"2":{"name":"(anonymous_2)","decl":{"start":{"line":20,"column":16},"end":{"line":20,"column":17}},"loc":{"start":{"line":20,"column":39},"end":{"line":30,"column":1}},"line":20},"3":{"name":"(anonymous_3)","decl":{"start":{"line":32,"column":19},"end":{"line":32,"column":20}},"loc":{"start":{"line":32,"column":31},"end":{"line":34,"column":1}},"line":32}},"branchMap":{"0":{"loc":{"start":{"line":2,"column":19},"end":{"line":2,"column":50}},"type":"binary-expr","locations":[{"start":{"line":2,"column":19},"end":{"line":2,"column":41}},{"start":{"line":2,"column":45},"end":{"line":2,"column":50}}],"line":2},"1":{"loc":{"start":{"line":3,"column":18},"end":{"line":3,"column":78}},"type":"binary-expr","locations":[{"start":{"line":3,"column":18},"end":{"line":3,"column":39}},{"start":{"line":3,"column":43},"end":{"line":3,"column":78}}],"line":3},"2":{"loc":{"start":{"line":8,"column":2},"end":{"line":12,"column":3}},"type":"if","locations":[{"start":{"line":8,"column":2},"end":{"line":12,"column":3}},{"start":{"line":8,"column":2},"end":{"line":12,"column":3}}],"line":8},"3":{"loc":{"start":{"line":22,"column":2},"end":{"line":24,"column":3}},"type":"if","locations":[{"start":{"line":22,"column":2},"end":{"line":24,"column":3}},{"start":{"line":22,"column":2},"end":{"line":24,"column":3}}],"line":22},"4":{"loc":{"start":{"line":27,"column":13},"end":{"line":27,"column":36}},"type":"binary-expr","locations":[{"start":{"line":27,"column":13},"end":{"line":27,"column":24}},{"start":{"line":27,"column":28},"end":{"line":27,"column":36}}],"line":27}},"s":{"0":1,"1":1,"2":1,"3":1,"4":1,"5":0,"6":0,"7":0,"8":0,"9":0,"10":1,"11":1,"12":1,"13":1,"14":0,"15":1,"16":1,"17":1,"18":1,"19":0,"20":1},"f":{"0":0,"1":1,"2":1,"3":0},"b":{"0":[1,1],"1":[1,1],"2":[0,0],"3":[0,1],"4":[1,0]},"_coverageSchema":"1a1c01bbd47fc00a2c39e90264f33305004495a9","hash":"e306b53b88b9aa6bf7e0a95480898156a057e1e5"}
,"/Users/baileynepe/000-self-projects/dreams-built/backend/controllers/jobDetailsController.js": {"path":"/Users/baileynepe/000-self-projects/dreams-built/backend/controllers/jobDetailsController.js","statementMap":{"0":{"start":{"line":1,"column":21},"end":{"line":1,"column":53}},"1":{"start":{"line":2,"column":19},"end":{"line":2,"column":48}},"2":{"start":{"line":10,"column":16},"end":{"line":13,"column":2}},"3":{"start":{"line":11,"column":18},"end":{"line":11,"column":41}},"4":{"start":{"line":12,"column":2},"end":{"line":12,"column":20}},"5":{"start":{"line":21,"column":18},"end":{"line":37,"column":2}},"6":{"start":{"line":22,"column":84},"end":{"line":22,"column":92}},"7":{"start":{"line":23,"column":14},"end":{"line":32,"column":4}},"8":{"start":{"line":34,"column":21},"end":{"line":34,"column":37}},"9":{"start":{"line":36,"column":2},"end":{"line":36,"column":35}},"10":{"start":{"line":39,"column":0},"end":{"line":39,"column":40}}},"fnMap":{"0":{"name":"(anonymous_0)","decl":{"start":{"line":10,"column":29},"end":{"line":10,"column":30}},"loc":{"start":{"line":10,"column":49},"end":{"line":13,"column":1}},"line":10},"1":{"name":"(anonymous_1)","decl":{"start":{"line":21,"column":31},"end":{"line":21,"column":32}},"loc":{"start":{"line":21,"column":51},"end":{"line":37,"column":1}},"line":21}},"branchMap":{},"s":{"0":1,"1":1,"2":1,"3":1,"4":1,"5":1,"6":1,"7":1,"8":1,"9":1,"10":1},"f":{"0":1,"1":1},"b":{},"_coverageSchema":"1a1c01bbd47fc00a2c39e90264f33305004495a9","hash":"f1449f7296b9e04f1ab636c13ce48378724654c8"}
,"/Users/baileynepe/000-self-projects/dreams-built/backend/middleware/errorMiddleware.js": {"path":"/Users/baileynepe/000-self-projects/dreams-built/backend/middleware/errorMiddleware.js","statementMap":{"0":{"start":{"line":1,"column":17},"end":{"line":5,"column":1}},"1":{"start":{"line":2,"column":16},"end":{"line":2,"column":59}},"2":{"start":{"line":3,"column":2},"end":{"line":3,"column":18}},"3":{"start":{"line":4,"column":2},"end":{"line":4,"column":14}},"4":{"start":{"line":7,"column":21},"end":{"line":15,"column":1}},"5":{"start":{"line":8,"column":21},"end":{"line":8,"column":66}},"6":{"start":{"line":9,"column":2},"end":{"line":9,"column":25}},"7":{"start":{"line":10,"column":2},"end":{"line":14,"column":5}},"8":{"start":{"line":17,"column":0},"end":{"line":17,"column":44}}},"fnMap":{"0":{"name":"(anonymous_0)","decl":{"start":{"line":1,"column":17},"end":{"line":1,"column":18}},"loc":{"start":{"line":1,"column":37},"end":{"line":5,"column":1}},"line":1},"1":{"name":"(anonymous_1)","decl":{"start":{"line":7,"column":21},"end":{"line":7,"column":22}},"loc":{"start":{"line":7,"column":46},"end":{"line":15,"column":1}},"line":7}},"branchMap":{"0":{"loc":{"start":{"line":8,"column":21},"end":{"line":8,"column":66}},"type":"cond-expr","locations":[{"start":{"line":8,"column":46},"end":{"line":8,"column":49}},{"start":{"line":8,"column":52},"end":{"line":8,"column":66}}],"line":8},"1":{"loc":{"start":{"line":13,"column":11},"end":{"line":13,"column":67}},"type":"cond-expr","locations":[{"start":{"line":13,"column":51},"end":{"line":13,"column":55}},{"start":{"line":13,"column":58},"end":{"line":13,"column":67}}],"line":13}},"s":{"0":1,"1":0,"2":0,"3":0,"4":1,"5":0,"6":0,"7":0,"8":1},"f":{"0":0,"1":0},"b":{"0":[0,0],"1":[0,0]},"_coverageSchema":"1a1c01bbd47fc00a2c39e90264f33305004495a9","hash":"bc0da39da478f409772b4dfa678dacfeba8a773f"}
,"/Users/baileynepe/000-self-projects/dreams-built/backend/models/jobModel.js": {"path":"/Users/baileynepe/000-self-projects/dreams-built/backend/models/jobModel.js","statementMap":{"0":{"start":{"line":1,"column":17},"end":{"line":1,"column":36}},"1":{"start":{"line":3,"column":19},"end":{"line":7,"column":2}},"2":{"start":{"line":9,"column":18},"end":{"line":21,"column":1}},"3":{"start":{"line":23,"column":19},"end":{"line":23,"column":58}},"4":{"start":{"line":25,"column":0},"end":{"line":25,"column":28}}},"fnMap":{},"branchMap":{},"s":{"0":1,"1":1,"2":1,"3":1,"4":1},"f":{},"b":{},"_coverageSchema":"1a1c01bbd47fc00a2c39e90264f33305004495a9","hash":"9030115f0efe8e0572bbd24628b655f96db30528"}
,"/Users/baileynepe/000-self-projects/dreams-built/backend/models/timeSheetModel.js": {"path":"/Users/baileynepe/000-self-projects/dreams-built/backend/models/timeSheetModel.js","statementMap":{"0":{"start":{"line":1,"column":17},"end":{"line":1,"column":36}},"1":{"start":{"line":3,"column":23},"end":{"line":19,"column":1}},"2":{"start":{"line":21,"column":24},"end":{"line":33,"column":1}},"3":{"start":{"line":35,"column":18},"end":{"line":35,"column":62}},"4":{"start":{"line":37,"column":0},"end":{"line":37,"column":27}}},"fnMap":{},"branchMap":{},"s":{"0":1,"1":1,"2":1,"3":1,"4":1},"f":{},"b":{},"_coverageSchema":"1a1c01bbd47fc00a2c39e90264f33305004495a9","hash":"d47b2741f750064df85cf60ef14de1aa296ae185"}
,"/Users/baileynepe/000-self-projects/dreams-built/backend/models/userModel.js": {"path":"/Users/baileynepe/000-self-projects/dreams-built/backend/models/userModel.js","statementMap":{"0":{"start":{"line":1,"column":17},"end":{"line":1,"column":36}},"1":{"start":{"line":2,"column":20},"end":{"line":2,"column":40}},"2":{"start":{"line":4,"column":19},"end":{"line":17,"column":1}},"3":{"start":{"line":19,"column":13},"end":{"line":19,"column":47}},"4":{"start":{"line":21,"column":0},"end":{"line":21,"column":22}}},"fnMap":{},"branchMap":{},"s":{"0":1,"1":1,"2":1,"3":1,"4":1},"f":{},"b":{},"_coverageSchema":"1a1c01bbd47fc00a2c39e90264f33305004495a9","hash":"d67e508ba99135e990f6b26b21f92576ff92cef2"}
,"/Users/baileynepe/000-self-projects/dreams-built/backend/routes/jobDetailsRoutes.js": {"path":"/Users/baileynepe/000-self-projects/dreams-built/backend/routes/jobDetailsRoutes.js","statementMap":{"0":{"start":{"line":1,"column":16},"end":{"line":1,"column":34}},"1":{"start":{"line":2,"column":15},"end":{"line":2,"column":31}},"2":{"start":{"line":4,"column":31},"end":{"line":4,"column":77}},"3":{"start":{"line":6,"column":0},"end":{"line":6,"column":47}},"4":{"start":{"line":8,"column":0},"end":{"line":8,"column":24}}},"fnMap":{},"branchMap":{},"s":{"0":1,"1":1,"2":1,"3":1,"4":1},"f":{},"b":{},"_coverageSchema":"1a1c01bbd47fc00a2c39e90264f33305004495a9","hash":"a25351fa58f247607592901acbcc6a4bf6e5e397"}
}
