{"/Users/baileynepe/000-self-projects/dreams-built/backend/models/userModel.js": {"path":"/Users/baileynepe/000-self-projects/dreams-built/backend/models/userModel.js","statementMap":{"0":{"start":{"line":1,"column":17},"end":{"line":1,"column":36}},"1":{"start":{"line":2,"column":20},"end":{"line":2,"column":40}},"2":{"start":{"line":4,"column":19},"end":{"line":17,"column":1}},"3":{"start":{"line":19,"column":13},"end":{"line":19,"column":47}},"4":{"start":{"line":21,"column":0},"end":{"line":21,"column":22}}},"fnMap":{},"branchMap":{},"s":{"0":1,"1":1,"2":1,"3":1,"4":1},"f":{},"b":{},"_coverageSchema":"1a1c01bbd47fc00a2c39e90264f33305004495a9","hash":"d67e508ba99135e990f6b26b21f92576ff92cef2"}
}
